  glad.c
  cube.cpp
  debugquad.cpp
  glslprogram.cpp
  glutils.cpp
  scenenode.cpp
  light.cpp
  model.cpp
  stb_image.cpp
  teapot.cpp
  texture.cpp
  torus.cpp
  trianglemesh.cpp
  main.cpp
  scenebasic_uniform.cpp
C:\Users\Casey\Desktop\COMP3015R\source\C3015\scenebasic_uniform.cpp(139,95): warning C4244: 'argument': conversion from 'const float' to 'GLsizei', possible loss of data
C:\Users\Casey\Desktop\COMP3015R\source\C3015\scenebasic_uniform.cpp(139,78): warning C4244: 'argument': conversion from 'const float' to 'GLsizei', possible loss of data
C:\Users\Casey\Desktop\COMP3015R\source\C3015\scenebasic_uniform.cpp(264,57): warning C4244: 'argument': conversion from 'const float' to 'GLsizei', possible loss of data
C:\Users\Casey\Desktop\COMP3015R\source\C3015\scenebasic_uniform.cpp(264,40): warning C4244: 'argument': conversion from 'const float' to 'GLsizei', possible loss of data
  Generating Code...
LINK : warning LNK4098: defaultlib 'MSVCRT' conflicts with use of other libs; use /NODEFAULTLIB:library
  Project_Template.vcxproj -> C:\Users\Casey\Desktop\COMP3015R\source\C3015\x64\Debug\Project_Template.exe
